0 info it worked if it ends with ok
1 verbose cli [ 'D:\\environment\\nodejs\\node.exe',
1 verbose cli   'C:\\Users\\xiaoYown\\AppData\\Roaming\\npm\\node_modules\\npm\\bin\\npm-cli.js',
1 verbose cli   'run',
1 verbose cli   'dev' ]
2 info using npm@4.1.2
3 info using node@v8.10.0
4 verbose run-script [ 'predev', 'dev', 'postdev' ]
5 info lifecycle rollup-components@0.0.0~predev: rollup-components@0.0.0
6 silly lifecycle rollup-components@0.0.0~predev: no script for predev, continuing
7 info lifecycle rollup-components@0.0.0~dev: rollup-components@0.0.0
8 verbose lifecycle rollup-components@0.0.0~dev: unsafe-perm in lifecycle true
9 verbose lifecycle rollup-components@0.0.0~dev: PATH: C:\Users\xiaoYown\AppData\Roaming\npm\node_modules\npm\bin\node-gyp-bin;E:\xiaoYown\demo\rollup-v0-components\node_modules\.bin;C:\ProgramData\Oracle\Java\javapath;C:\WINDOWS\system32;C:\WINDOWS;C:\WINDOWS\System32\Wbem;C:\WINDOWS\System32\WindowsPowerShell\v1.0\;D:\environment\Git\cmd;C:\Program Files\MySQL\MySQL Utilities 1.6\;D:\environment\Java\jdk1.8.0_121\bin;D:\tools\Android\Local\sdk\platform-tools;D:\tools\Android\Local\sdk\tools;C:\Program Files (x86)\Microsoft Emulator Manager\1.0\;C:\Users\xiaoYown\AppData\Local\atom\bin;D:\environmentRuby22-x64\bin;D:\environment\Python27;D:\environment\Python36-32;D:\environment\Python36-32\Scripts;D:\environment\Python36-32\DLLs;D:\environment\Python36-32\Lib\lib-tk;D:\environment\nodejs\;D:\tools\OpenSSL-Win64\bin;;C:\Users\xiaoYown\AppData\Local\Microsoft\WindowsApps;D:\tools\Egret\Egret Wing 3\bin;C:\Users\xiaoYown\AppData\Roaming\npm;D:\tools\Microsoft VS Code\bin
10 verbose lifecycle rollup-components@0.0.0~dev: CWD: E:\xiaoYown\demo\rollup-v0-components
11 silly lifecycle rollup-components@0.0.0~dev: Args: [ '/d /s /c', 'node examples/server.js' ]
12 silly lifecycle rollup-components@0.0.0~dev: Returned: code: 1  signal: null
13 info lifecycle rollup-components@0.0.0~dev: Failed to exec dev script
14 verbose stack Error: rollup-components@0.0.0 dev: `node examples/server.js`
14 verbose stack Exit status 1
14 verbose stack     at EventEmitter.<anonymous> (C:\Users\xiaoYown\AppData\Roaming\npm\node_modules\npm\lib\utils\lifecycle.js:279:16)
14 verbose stack     at emitTwo (events.js:126:13)
14 verbose stack     at EventEmitter.emit (events.js:214:7)
14 verbose stack     at ChildProcess.<anonymous> (C:\Users\xiaoYown\AppData\Roaming\npm\node_modules\npm\lib\utils\spawn.js:40:14)
14 verbose stack     at emitTwo (events.js:126:13)
14 verbose stack     at ChildProcess.emit (events.js:214:7)
14 verbose stack     at maybeClose (internal/child_process.js:925:16)
14 verbose stack     at Process.ChildProcess._handle.onexit (internal/child_process.js:209:5)
15 verbose pkgid rollup-components@0.0.0
16 verbose cwd E:\xiaoYown\demo\rollup-v0-components
17 error Windows_NT 10.0.16299
18 error argv "D:\\environment\\nodejs\\node.exe" "C:\\Users\\xiaoYown\\AppData\\Roaming\\npm\\node_modules\\npm\\bin\\npm-cli.js" "run" "dev"
19 error node v8.10.0
20 error npm  v4.1.2
21 error code ELIFECYCLE
22 error rollup-components@0.0.0 dev: `node examples/server.js`
22 error Exit status 1
23 error Failed at the rollup-components@0.0.0 dev script 'node examples/server.js'.
23 error Make sure you have the latest version of node.js and npm installed.
23 error If you do, this is most likely a problem with the rollup-components package,
23 error not with npm itself.
23 error Tell the author that this fails on your system:
23 error     node examples/server.js
23 error You can get information on how to open an issue for this project with:
23 error     npm bugs rollup-components
23 error Or if that isn't available, you can get their info via:
23 error     npm owner ls rollup-components
23 error There is likely additional logging output above.
24 verbose exit [ 1, true ]
